<?xml version="1.0" encoding="UTF-8"?>
<testng-results ignored="0" total="10" passed="10" failed="0" skipped="0">
  <reporter-output>
  </reporter-output>
  <suite started-at="2021-11-22T15:20:43 IST" name="Suite" finished-at="2021-11-22T15:25:10 IST" duration-ms="267056">
    <groups>
      <group name="cucumber">
        <method signature="AbstractTestNGCucumberTests.runScenario(io.cucumber.testng.PickleWrapper,io.cucumber.testng.FeatureWrapper)[pri:0, instance:com.Comprehensive.runnerClass.TestrunnerClass@74418c1]" name="runScenario" class="io.cucumber.testng.AbstractTestNGCucumberTests"/>
      </group> <!-- cucumber -->
    </groups>
    <test started-at="2021-11-22T15:20:43 IST" name="Test" finished-at="2021-11-22T15:25:10 IST" duration-ms="267056">
      <class name="com.Comprehensive.runnerClass.TestrunnerClass">
        <test-method is-config="true" signature="setUpClass(org.testng.ITestContext)[pri:0, instance:com.Comprehensive.runnerClass.TestrunnerClass@74418c1]" started-at="2021-11-22T15:20:43 IST" name="setUpClass" finished-at="2021-11-22T15:20:44 IST" duration-ms="1227" status="PASS">
          <params>
            <param index="0">
              <value>
                <![CDATA[org.testng.TestRunner@1941b9c]]>
              </value>
            </param>
          </params>
          <reporter-output>
          </reporter-output>
        </test-method> <!-- setUpClass -->
        <test-method signature="runScenario(io.cucumber.testng.PickleWrapper,io.cucumber.testng.FeatureWrapper)[pri:0, instance:com.Comprehensive.runnerClass.TestrunnerClass@74418c1]" started-at="2021-11-22T15:20:44 IST" name="runScenario" description="Runs Cucumber Scenarios" data-provider="scenarios" finished-at="2021-11-22T15:21:19 IST" duration-ms="34421" status="PASS">
          <params>
            <param index="0">
              <value>
                <![CDATA["Login with valid data."]]>
              </value>
            </param>
            <param index="1">
              <value>
                <![CDATA["Optional[Bigsmall Automation]"]]>
              </value>
            </param>
          </params>
          <reporter-output>
          </reporter-output>
        </test-method> <!-- runScenario -->
        <test-method signature="runScenario(io.cucumber.testng.PickleWrapper,io.cucumber.testng.FeatureWrapper)[pri:0, instance:com.Comprehensive.runnerClass.TestrunnerClass@74418c1]" started-at="2021-11-22T15:21:19 IST" name="runScenario" description="Runs Cucumber Scenarios" data-provider="scenarios" finished-at="2021-11-22T15:21:50 IST" duration-ms="30875" status="PASS">
          <params>
            <param index="0">
              <value>
                <![CDATA["To check the functionality of Logo on website after navigating to some product and clicking on logo will return back to Homepage."]]>
              </value>
            </param>
            <param index="1">
              <value>
                <![CDATA["Optional[Check the Functionality of Logo.]"]]>
              </value>
            </param>
          </params>
          <reporter-output>
          </reporter-output>
        </test-method> <!-- runScenario -->
        <test-method signature="runScenario(io.cucumber.testng.PickleWrapper,io.cucumber.testng.FeatureWrapper)[pri:0, instance:com.Comprehensive.runnerClass.TestrunnerClass@74418c1]" started-at="2021-11-22T15:21:50 IST" name="runScenario" description="Runs Cucumber Scenarios" data-provider="scenarios" finished-at="2021-11-22T15:22:32 IST" duration-ms="42654" status="PASS">
          <params>
            <param index="0">
              <value>
                <![CDATA["To check the functionality of buying the product"]]>
              </value>
            </param>
            <param index="1">
              <value>
                <![CDATA["Optional[Search the product and Buy the product.]"]]>
              </value>
            </param>
          </params>
          <reporter-output>
          </reporter-output>
        </test-method> <!-- runScenario -->
        <test-method signature="runScenario(io.cucumber.testng.PickleWrapper,io.cucumber.testng.FeatureWrapper)[pri:0, instance:com.Comprehensive.runnerClass.TestrunnerClass@74418c1]" started-at="2021-11-22T15:22:32 IST" name="runScenario" description="Runs Cucumber Scenarios" data-provider="scenarios" finished-at="2021-11-22T15:22:49 IST" duration-ms="17189" status="PASS">
          <params>
            <param index="0">
              <value>
                <![CDATA["Validate in home page gift card"]]>
              </value>
            </param>
            <param index="1">
              <value>
                <![CDATA["Optional[Buying Gift Card.]"]]>
              </value>
            </param>
          </params>
          <reporter-output>
          </reporter-output>
        </test-method> <!-- runScenario -->
        <test-method signature="runScenario(io.cucumber.testng.PickleWrapper,io.cucumber.testng.FeatureWrapper)[pri:0, instance:com.Comprehensive.runnerClass.TestrunnerClass@74418c1]" started-at="2021-11-22T15:22:49 IST" name="runScenario" description="Runs Cucumber Scenarios" data-provider="scenarios" finished-at="2021-11-22T15:23:15 IST" duration-ms="25808" status="PASS">
          <params>
            <param index="0">
              <value>
                <![CDATA["To check the functionality and put inquiry for Corporate gifts"]]>
              </value>
            </param>
            <param index="1">
              <value>
                <![CDATA["Optional[Enquiry for Corporate gifts.]"]]>
              </value>
            </param>
          </params>
          <reporter-output>
          </reporter-output>
        </test-method> <!-- runScenario -->
        <test-method signature="runScenario(io.cucumber.testng.PickleWrapper,io.cucumber.testng.FeatureWrapper)[pri:0, instance:com.Comprehensive.runnerClass.TestrunnerClass@74418c1]" started-at="2021-11-22T15:23:15 IST" name="runScenario" description="Runs Cucumber Scenarios" data-provider="scenarios" finished-at="2021-11-22T15:23:39 IST" duration-ms="24003" status="PASS">
          <params>
            <param index="0">
              <value>
                <![CDATA["Validate Header hover link"]]>
              </value>
            </param>
            <param index="1">
              <value>
                <![CDATA["Optional[Automate Header hover]"]]>
              </value>
            </param>
          </params>
          <reporter-output>
          </reporter-output>
        </test-method> <!-- runScenario -->
        <test-method signature="runScenario(io.cucumber.testng.PickleWrapper,io.cucumber.testng.FeatureWrapper)[pri:0, instance:com.Comprehensive.runnerClass.TestrunnerClass@74418c1]" started-at="2021-11-22T15:23:39 IST" name="runScenario" description="Runs Cucumber Scenarios" data-provider="scenarios" finished-at="2021-11-22T15:24:06 IST" duration-ms="27038" status="PASS">
          <params>
            <param index="0">
              <value>
                <![CDATA["Validate Header link"]]>
              </value>
            </param>
            <param index="1">
              <value>
                <![CDATA["Optional[Automate Header link]"]]>
              </value>
            </param>
          </params>
          <reporter-output>
          </reporter-output>
        </test-method> <!-- runScenario -->
        <test-method signature="runScenario(io.cucumber.testng.PickleWrapper,io.cucumber.testng.FeatureWrapper)[pri:0, instance:com.Comprehensive.runnerClass.TestrunnerClass@74418c1]" started-at="2021-11-22T15:24:06 IST" name="runScenario" description="Runs Cucumber Scenarios" data-provider="scenarios" finished-at="2021-11-22T15:24:28 IST" duration-ms="21784" status="PASS">
          <params>
            <param index="0">
              <value>
                <![CDATA["Validate in home page Home decor"]]>
              </value>
            </param>
            <param index="1">
              <value>
                <![CDATA["Optional[Automate Home decor in home page]"]]>
              </value>
            </param>
          </params>
          <reporter-output>
          </reporter-output>
        </test-method> <!-- runScenario -->
        <test-method signature="runScenario(io.cucumber.testng.PickleWrapper,io.cucumber.testng.FeatureWrapper)[pri:0, instance:com.Comprehensive.runnerClass.TestrunnerClass@74418c1]" started-at="2021-11-22T15:24:28 IST" name="runScenario" description="Runs Cucumber Scenarios" data-provider="scenarios" finished-at="2021-11-22T15:24:46 IST" duration-ms="17806" status="PASS">
          <params>
            <param index="0">
              <value>
                <![CDATA["Validate in home page Latest Product"]]>
              </value>
            </param>
            <param index="1">
              <value>
                <![CDATA["Optional[Automate latest section]"]]>
              </value>
            </param>
          </params>
          <reporter-output>
          </reporter-output>
        </test-method> <!-- runScenario -->
        <test-method signature="runScenario(io.cucumber.testng.PickleWrapper,io.cucumber.testng.FeatureWrapper)[pri:0, instance:com.Comprehensive.runnerClass.TestrunnerClass@74418c1]" started-at="2021-11-22T15:24:46 IST" name="runScenario" description="Runs Cucumber Scenarios" data-provider="scenarios" finished-at="2021-11-22T15:25:10 IST" duration-ms="24093" status="PASS">
          <params>
            <param index="0">
              <value>
                <![CDATA["Validate in home page whats new section"]]>
              </value>
            </param>
            <param index="1">
              <value>
                <![CDATA["Optional[Automate Whats new]"]]>
              </value>
            </param>
          </params>
          <reporter-output>
          </reporter-output>
        </test-method> <!-- runScenario -->
        <test-method is-config="true" signature="tearDownClass()[pri:0, instance:com.Comprehensive.runnerClass.TestrunnerClass@74418c1]" started-at="2021-11-22T15:25:10 IST" name="tearDownClass" finished-at="2021-11-22T15:25:10 IST" duration-ms="27" status="PASS">
          <reporter-output>
          </reporter-output>
        </test-method> <!-- tearDownClass -->
      </class> <!-- com.Comprehensive.runnerClass.TestrunnerClass -->
    </test> <!-- Test -->
  </suite> <!-- Suite -->
</testng-results>
