<?xml version="1.0" encoding="UTF-8"?>
<testng-results ignored="0" total="10" passed="10" failed="0" skipped="0">
  <reporter-output>
  </reporter-output>
  <suite started-at="2021-11-26T10:49:44 IST" name="Suite" finished-at="2021-11-26T10:52:46 IST" duration-ms="182178">
    <groups>
      <group name="cucumber">
        <method signature="AbstractTestNGCucumberTests.runScenario(io.cucumber.testng.PickleWrapper,io.cucumber.testng.FeatureWrapper)[pri:0, instance:com.Comprehensive.runnerClass.TestrunnerClass@86664c19]" name="runScenario" class="io.cucumber.testng.AbstractTestNGCucumberTests"/>
      </group> <!-- cucumber -->
    </groups>
    <test started-at="2021-11-26T10:49:44 IST" name="Test" finished-at="2021-11-26T10:52:46 IST" duration-ms="182178">
      <class name="com.Comprehensive.runnerClass.TestrunnerClass">
        <test-method is-config="true" signature="setUpClass(org.testng.ITestContext)[pri:0, instance:com.Comprehensive.runnerClass.TestrunnerClass@86664c19]" started-at="2021-11-26T10:49:44 IST" name="setUpClass" finished-at="2021-11-26T10:49:44 IST" duration-ms="457" status="PASS">
          <params>
            <param index="0">
              <value>
                <![CDATA[org.testng.TestRunner@72ff7d0d]]>
              </value>
            </param>
          </params>
          <reporter-output>
          </reporter-output>
        </test-method> <!-- setUpClass -->
        <test-method signature="runScenario(io.cucumber.testng.PickleWrapper,io.cucumber.testng.FeatureWrapper)[pri:0, instance:com.Comprehensive.runnerClass.TestrunnerClass@86664c19]" started-at="2021-11-26T10:49:44 IST" name="runScenario" description="Runs Cucumber Scenarios" data-provider="scenarios" finished-at="2021-11-26T10:50:08 IST" duration-ms="23719" status="PASS">
          <params>
            <param index="0">
              <value>
                <![CDATA["Login with valid data."]]>
              </value>
            </param>
            <param index="1">
              <value>
                <![CDATA["Optional[Bigsmall Automation]"]]>
              </value>
            </param>
          </params>
          <reporter-output>
          </reporter-output>
        </test-method> <!-- runScenario -->
        <test-method signature="runScenario(io.cucumber.testng.PickleWrapper,io.cucumber.testng.FeatureWrapper)[pri:0, instance:com.Comprehensive.runnerClass.TestrunnerClass@86664c19]" started-at="2021-11-26T10:50:08 IST" name="runScenario" description="Runs Cucumber Scenarios" data-provider="scenarios" finished-at="2021-11-26T10:50:29 IST" duration-ms="20798" status="PASS">
          <params>
            <param index="0">
              <value>
                <![CDATA["To check the functionality of Logo on website after navigating to some product and clicking on logo will return back to Homepage."]]>
              </value>
            </param>
            <param index="1">
              <value>
                <![CDATA["Optional[Check the Functionality of Logo.]"]]>
              </value>
            </param>
          </params>
          <reporter-output>
          </reporter-output>
        </test-method> <!-- runScenario -->
        <test-method signature="runScenario(io.cucumber.testng.PickleWrapper,io.cucumber.testng.FeatureWrapper)[pri:0, instance:com.Comprehensive.runnerClass.TestrunnerClass@86664c19]" started-at="2021-11-26T10:50:29 IST" name="runScenario" description="Runs Cucumber Scenarios" data-provider="scenarios" finished-at="2021-11-26T10:51:05 IST" duration-ms="36092" status="PASS">
          <params>
            <param index="0">
              <value>
                <![CDATA["To check the functionality of buying the product"]]>
              </value>
            </param>
            <param index="1">
              <value>
                <![CDATA["Optional[Search the product and Buy the product.]"]]>
              </value>
            </param>
          </params>
          <reporter-output>
          </reporter-output>
        </test-method> <!-- runScenario -->
        <test-method signature="runScenario(io.cucumber.testng.PickleWrapper,io.cucumber.testng.FeatureWrapper)[pri:0, instance:com.Comprehensive.runnerClass.TestrunnerClass@86664c19]" started-at="2021-11-26T10:51:05 IST" name="runScenario" description="Runs Cucumber Scenarios" data-provider="scenarios" finished-at="2021-11-26T10:51:17 IST" duration-ms="11872" status="PASS">
          <params>
            <param index="0">
              <value>
                <![CDATA["Validate in home page gift card"]]>
              </value>
            </param>
            <param index="1">
              <value>
                <![CDATA["Optional[Buying Gift Card.]"]]>
              </value>
            </param>
          </params>
          <reporter-output>
          </reporter-output>
        </test-method> <!-- runScenario -->
        <test-method signature="runScenario(io.cucumber.testng.PickleWrapper,io.cucumber.testng.FeatureWrapper)[pri:0, instance:com.Comprehensive.runnerClass.TestrunnerClass@86664c19]" started-at="2021-11-26T10:51:17 IST" name="runScenario" description="Runs Cucumber Scenarios" data-provider="scenarios" finished-at="2021-11-26T10:51:35 IST" duration-ms="17815" status="PASS">
          <params>
            <param index="0">
              <value>
                <![CDATA["To check the functionality and put inquiry for Corporate gifts"]]>
              </value>
            </param>
            <param index="1">
              <value>
                <![CDATA["Optional[Enquiry for Corporate gifts.]"]]>
              </value>
            </param>
          </params>
          <reporter-output>
          </reporter-output>
        </test-method> <!-- runScenario -->
        <test-method signature="runScenario(io.cucumber.testng.PickleWrapper,io.cucumber.testng.FeatureWrapper)[pri:0, instance:com.Comprehensive.runnerClass.TestrunnerClass@86664c19]" started-at="2021-11-26T10:51:35 IST" name="runScenario" description="Runs Cucumber Scenarios" data-provider="scenarios" finished-at="2021-11-26T10:51:52 IST" duration-ms="16981" status="PASS">
          <params>
            <param index="0">
              <value>
                <![CDATA["Validate Header hover link"]]>
              </value>
            </param>
            <param index="1">
              <value>
                <![CDATA["Optional[Automate Header hover]"]]>
              </value>
            </param>
          </params>
          <reporter-output>
          </reporter-output>
        </test-method> <!-- runScenario -->
        <test-method signature="runScenario(io.cucumber.testng.PickleWrapper,io.cucumber.testng.FeatureWrapper)[pri:0, instance:com.Comprehensive.runnerClass.TestrunnerClass@86664c19]" started-at="2021-11-26T10:51:52 IST" name="runScenario" description="Runs Cucumber Scenarios" data-provider="scenarios" finished-at="2021-11-26T10:52:03 IST" duration-ms="11152" status="PASS">
          <params>
            <param index="0">
              <value>
                <![CDATA["Validate Header link"]]>
              </value>
            </param>
            <param index="1">
              <value>
                <![CDATA["Optional[Automate Header link]"]]>
              </value>
            </param>
          </params>
          <reporter-output>
          </reporter-output>
        </test-method> <!-- runScenario -->
        <test-method signature="runScenario(io.cucumber.testng.PickleWrapper,io.cucumber.testng.FeatureWrapper)[pri:0, instance:com.Comprehensive.runnerClass.TestrunnerClass@86664c19]" started-at="2021-11-26T10:52:03 IST" name="runScenario" description="Runs Cucumber Scenarios" data-provider="scenarios" finished-at="2021-11-26T10:52:19 IST" duration-ms="16237" status="PASS">
          <params>
            <param index="0">
              <value>
                <![CDATA["Validate in home page Home decor"]]>
              </value>
            </param>
            <param index="1">
              <value>
                <![CDATA["Optional[Automate Home decor in home page]"]]>
              </value>
            </param>
          </params>
          <reporter-output>
          </reporter-output>
        </test-method> <!-- runScenario -->
        <test-method signature="runScenario(io.cucumber.testng.PickleWrapper,io.cucumber.testng.FeatureWrapper)[pri:0, instance:com.Comprehensive.runnerClass.TestrunnerClass@86664c19]" started-at="2021-11-26T10:52:19 IST" name="runScenario" description="Runs Cucumber Scenarios" data-provider="scenarios" finished-at="2021-11-26T10:52:32 IST" duration-ms="12671" status="PASS">
          <params>
            <param index="0">
              <value>
                <![CDATA["Validate in home page Latest Product"]]>
              </value>
            </param>
            <param index="1">
              <value>
                <![CDATA["Optional[Automate latest section]"]]>
              </value>
            </param>
          </params>
          <reporter-output>
          </reporter-output>
        </test-method> <!-- runScenario -->
        <test-method signature="runScenario(io.cucumber.testng.PickleWrapper,io.cucumber.testng.FeatureWrapper)[pri:0, instance:com.Comprehensive.runnerClass.TestrunnerClass@86664c19]" started-at="2021-11-26T10:52:32 IST" name="runScenario" description="Runs Cucumber Scenarios" data-provider="scenarios" finished-at="2021-11-26T10:52:46 IST" duration-ms="14320" status="PASS">
          <params>
            <param index="0">
              <value>
                <![CDATA["Validate in home page whats new section"]]>
              </value>
            </param>
            <param index="1">
              <value>
                <![CDATA["Optional[Automate Whats new]"]]>
              </value>
            </param>
          </params>
          <reporter-output>
          </reporter-output>
        </test-method> <!-- runScenario -->
        <test-method is-config="true" signature="tearDownClass()[pri:0, instance:com.Comprehensive.runnerClass.TestrunnerClass@86664c19]" started-at="2021-11-26T10:52:46 IST" name="tearDownClass" finished-at="2021-11-26T10:52:46 IST" duration-ms="12" status="PASS">
          <reporter-output>
          </reporter-output>
        </test-method> <!-- tearDownClass -->
      </class> <!-- com.Comprehensive.runnerClass.TestrunnerClass -->
    </test> <!-- Test -->
  </suite> <!-- Suite -->
</testng-results>
