<?xml version="1.0" encoding="UTF-8"?>
<testng-results ignored="20" total="31" passed="10" failed="1" skipped="0">
  <reporter-output>
  </reporter-output>
  <suite started-at="2021-11-22T13:58:45 IST" name="Suite" finished-at="2021-11-22T14:01:35 IST" duration-ms="170034">
    <groups>
    </groups>
    <test started-at="2021-11-22T13:58:45 IST" name="Test" finished-at="2021-11-22T14:01:35 IST" duration-ms="170034">
      <class name="com.bigsmall.testCases.ClickLogoTC">
        <test-method signature="HomePage()[pri:0, instance:com.bigsmall.testCases.ClickLogoTC@5edd48ad]" started-at="2021-11-22T14:00:35 IST" name="HomePage" finished-at="2021-11-22T14:00:50 IST" duration-ms="15793" status="PASS">
          <reporter-output>
          </reporter-output>
        </test-method> <!-- HomePage -->
      </class> <!-- com.bigsmall.testCases.ClickLogoTC -->
      <class name="com.bigsmall.testCases.CheckoutAutomation">
        <test-method signature="checkoutAutomation(java.lang.String,java.lang.String,java.lang.String,java.lang.String,java.lang.String,java.lang.String,java.lang.String,int,java.lang.String,java.lang.String)[pri:0, instance:com.bigsmall.testCases.CheckoutAutomation@3e7f2eb4]" started-at="2021-11-22T13:59:17 IST" name="checkoutAutomation" data-provider="getDeliveryDetails" finished-at="2021-11-22T13:59:18 IST" duration-ms="269" status="FAIL">
          <exception class="org.testng.internal.reflect.MethodMatcherException">
            <message>
              <![CDATA[
[public void com.bigsmall.testCases.CheckoutAutomation.checkoutAutomation(java.lang.String,java.lang.String,java.lang.String,java.lang.String,java.lang.String,java.lang.String,java.lang.String,int,java.lang.String,java.lang.String) throws java.lang.InterruptedException] has no parameters defined but was found to be using a data provider (either explicitly specified or inherited from class level annotation).
Data provider mismatch
Method: checkoutAutomation([Parameter{index=0, type=java.lang.String, declaredAnnotations=[]}, Parameter{index=1, type=java.lang.String, declaredAnnotations=[]}, Parameter{index=2, type=java.lang.String, declaredAnnotations=[]}, Parameter{index=3, type=java.lang.String, declaredAnnotations=[]}, Parameter{index=4, type=java.lang.String, declaredAnnotations=[]}, Parameter{index=5, type=java.lang.String, declaredAnnotations=[]}, Parameter{index=6, type=java.lang.String, declaredAnnotations=[]}, Parameter{index=7, type=int, declaredAnnotations=[]}, Parameter{index=8, type=java.lang.String, declaredAnnotations=[]}, Parameter{index=9, type=java.lang.String, declaredAnnotations=[]}])
Arguments: [(java.lang.String) Harry,(java.lang.String) shri12nil@gmail.com,(java.lang.String) Shriyash,(java.lang.String) Nilawar,(java.lang.String) Shaitan gali,(java.lang.String) Khatra mahal,(java.lang.String) California Gramin,(java.lang.String) 22.0,(java.lang.String) 445001.0,(java.lang.String) 9.561165559E9]]]>
            </message>
            <full-stacktrace>
              <![CDATA[org.testng.internal.reflect.MethodMatcherException: 
[public void com.bigsmall.testCases.CheckoutAutomation.checkoutAutomation(java.lang.String,java.lang.String,java.lang.String,java.lang.String,java.lang.String,java.lang.String,java.lang.String,int,java.lang.String,java.lang.String) throws java.lang.InterruptedException] has no parameters defined but was found to be using a data provider (either explicitly specified or inherited from class level annotation).
Data provider mismatch
Method: checkoutAutomation([Parameter{index=0, type=java.lang.String, declaredAnnotations=[]}, Parameter{index=1, type=java.lang.String, declaredAnnotations=[]}, Parameter{index=2, type=java.lang.String, declaredAnnotations=[]}, Parameter{index=3, type=java.lang.String, declaredAnnotations=[]}, Parameter{index=4, type=java.lang.String, declaredAnnotations=[]}, Parameter{index=5, type=java.lang.String, declaredAnnotations=[]}, Parameter{index=6, type=java.lang.String, declaredAnnotations=[]}, Parameter{index=7, type=int, declaredAnnotations=[]}, Parameter{index=8, type=java.lang.String, declaredAnnotations=[]}, Parameter{index=9, type=java.lang.String, declaredAnnotations=[]}])
Arguments: [(java.lang.String) Harry,(java.lang.String) shri12nil@gmail.com,(java.lang.String) Shriyash,(java.lang.String) Nilawar,(java.lang.String) Shaitan gali,(java.lang.String) Khatra mahal,(java.lang.String) California Gramin,(java.lang.String) 22.0,(java.lang.String) 445001.0,(java.lang.String) 9.561165559E9]
at org.testng.internal.reflect.DataProviderMethodMatcher.getConformingArguments(DataProviderMethodMatcher.java:43)
at org.testng.internal.Parameters.injectParameters(Parameters.java:914)
at org.testng.internal.MethodRunner.runInSequence(MethodRunner.java:34)
at org.testng.internal.TestInvoker$MethodInvocationAgent.invoke(TestInvoker.java:824)
at org.testng.internal.TestInvoker.invokeTestMethods(TestInvoker.java:146)
at org.testng.internal.TestMethodWorker.invokeTestMethods(TestMethodWorker.java:146)
at org.testng.internal.TestMethodWorker.run(TestMethodWorker.java:128)
at org.testng.TestRunner$$Lambda$124/0x0000000000000000.accept(Unknown Source)
at java.base/java.util.ArrayList.forEach(ArrayList.java:1541)
at org.testng.TestRunner.privateRun(TestRunner.java:794)
at org.testng.TestRunner.run(TestRunner.java:596)
at org.testng.SuiteRunner.runTest(SuiteRunner.java:377)
at org.testng.SuiteRunner.runSequentially(SuiteRunner.java:371)
at org.testng.SuiteRunner.privateRun(SuiteRunner.java:332)
at org.testng.SuiteRunner.run(SuiteRunner.java:276)
at org.testng.SuiteRunnerWorker.runSuite(SuiteRunnerWorker.java:53)
at org.testng.SuiteRunnerWorker.run(SuiteRunnerWorker.java:96)
at org.testng.TestNG.runSuitesSequentially(TestNG.java:1212)
at org.testng.TestNG.runSuitesLocally(TestNG.java:1134)
at org.testng.TestNG.runSuites(TestNG.java:1063)
at org.testng.TestNG.run(TestNG.java:1031)
at org.testng.remote.AbstractRemoteTestNG.run(AbstractRemoteTestNG.java:115)
at org.testng.remote.RemoteTestNG.initAndRun(RemoteTestNG.java:251)
at org.testng.remote.RemoteTestNG.main(RemoteTestNG.java:77)
]]>
            </full-stacktrace>
          </exception> <!-- org.testng.internal.reflect.MethodMatcherException -->
          <reporter-output>
          </reporter-output>
        </test-method> <!-- checkoutAutomation -->
      </class> <!-- com.bigsmall.testCases.CheckoutAutomation -->
      <class name="com.bigsmall.testCases.GiftCardAutomation">
        <test-method signature="HomePage()[pri:0, instance:com.bigsmall.testCases.GiftCardAutomation@9b3ed891]" started-at="2021-11-22T14:00:51 IST" name="HomePage" finished-at="2021-11-22T14:00:59 IST" duration-ms="8370" status="PASS">
          <reporter-output>
          </reporter-output>
        </test-method> <!-- HomePage -->
      </class> <!-- com.bigsmall.testCases.GiftCardAutomation -->
      <class name="com.bigsmall.testCases.CorporateGiftsValidation">
        <test-method signature="corporateGifts(java.lang.String,java.lang.String,java.lang.String,java.lang.String)[pri:0, instance:com.bigsmall.testCases.CorporateGiftsValidation@6aea8e1d]" started-at="2021-11-22T14:01:00 IST" name="corporateGifts" data-provider="getData" finished-at="2021-11-22T14:01:10 IST" duration-ms="9796" status="PASS">
          <params>
            <param index="0">
              <value>
                <![CDATA[Shriyash]]>
              </value>
            </param>
            <param index="1">
              <value>
                <![CDATA[shri12nil@gmail.com]]>
              </value>
            </param>
            <param index="2">
              <value>
                <![CDATA[9.561165559E9]]>
              </value>
            </param>
            <param index="3">
              <value>
                <![CDATA[This is an excel read enquiry]]>
              </value>
            </param>
          </params>
          <reporter-output>
          </reporter-output>
        </test-method> <!-- corporateGifts -->
      </class> <!-- com.bigsmall.testCases.CorporateGiftsValidation -->
      <class name="com.bigsmall.testCases.QtyIncrement">
        <test-method signature="qtyIncrement()[pri:0, instance:com.bigsmall.testCases.QtyIncrement@594a853f]" started-at="2021-11-22T13:59:34 IST" name="qtyIncrement" finished-at="2021-11-22T13:59:50 IST" duration-ms="15520" status="PASS">
          <reporter-output>
          </reporter-output>
        </test-method> <!-- qtyIncrement -->
      </class> <!-- com.bigsmall.testCases.QtyIncrement -->
      <class name="com.bigsmall.testCases.HoverHeader">
        <test-method signature="hoverHeader()[pri:0, instance:com.bigsmall.testCases.HoverHeader@71ef484d]" started-at="2021-11-22T13:59:50 IST" name="hoverHeader" finished-at="2021-11-22T14:00:03 IST" duration-ms="13068" status="PASS">
          <reporter-output>
          </reporter-output>
        </test-method> <!-- hoverHeader -->
      </class> <!-- com.bigsmall.testCases.HoverHeader -->
      <class name="com.bigsmall.testCases.CODAvailablityTC">
        <test-method signature="pinCodeValidation(java.lang.String)[pri:0, instance:com.bigsmall.testCases.CODAvailablityTC@34e372d2]" started-at="2021-11-22T14:00:04 IST" name="pinCodeValidation" data-provider="Pin" finished-at="2021-11-22T14:00:21 IST" duration-ms="16167" status="PASS">
          <params>
            <param index="0">
              <value>
                <![CDATA[411021.0]]>
              </value>
            </param>
          </params>
          <reporter-output>
          </reporter-output>
        </test-method> <!-- pinCodeValidation -->
        <test-method signature="pinCodeValidation(java.lang.String)[pri:0, instance:com.bigsmall.testCases.CODAvailablityTC@34e372d2]" started-at="2021-11-22T14:00:21 IST" name="pinCodeValidation" data-provider="Pin" finished-at="2021-11-22T14:00:34 IST" duration-ms="12823" status="PASS">
          <params>
            <param index="0">
              <value>
                <![CDATA[1234.0]]>
              </value>
            </param>
          </params>
          <reporter-output>
          </reporter-output>
        </test-method> <!-- pinCodeValidation -->
      </class> <!-- com.bigsmall.testCases.CODAvailablityTC -->
      <class name="com.bigsmall.testCases.SigninTC">
        <test-method signature="signIn(java.lang.String,java.lang.String)[pri:0, instance:com.bigsmall.testCases.SigninTC@6fb9aca]" started-at="2021-11-22T13:59:19 IST" name="signIn" data-provider="getData" finished-at="2021-11-22T13:59:34 IST" duration-ms="14508" status="PASS">
          <params>
            <param index="0">
              <value>
                <![CDATA[shri12nil@gmail.com]]>
              </value>
            </param>
            <param index="1">
              <value>
                <![CDATA[123456.0]]>
              </value>
            </param>
          </params>
          <reporter-output>
          </reporter-output>
        </test-method> <!-- signIn -->
        <test-method is-config="true" signature="teardown()[pri:0, instance:com.bigsmall.testCases.SigninTC@6fb9aca]" started-at="2021-11-22T13:59:34 IST" name="teardown" finished-at="2021-11-22T13:59:34 IST" duration-ms="2" status="PASS">
          <reporter-output>
          </reporter-output>
        </test-method> <!-- teardown -->
      </class> <!-- com.bigsmall.testCases.SigninTC -->
      <class name="com.bigsmall.testCases.SearchProductTC">
        <test-method is-config="true" signature="initializeBrowser()[pri:0, instance:com.bigsmall.testCases.SearchProductTC@1d17b8d4]" started-at="2021-11-22T13:58:45 IST" name="initializeBrowser" finished-at="2021-11-22T13:58:51 IST" duration-ms="6376" status="PASS">
          <reporter-output>
          </reporter-output>
        </test-method> <!-- initializeBrowser -->
        <test-method signature="searchProduct(java.lang.String)[pri:0, instance:com.bigsmall.testCases.SearchProductTC@1d17b8d4]" started-at="2021-11-22T13:58:54 IST" name="searchProduct" data-provider="getSearchData" finished-at="2021-11-22T13:59:15 IST" duration-ms="21518" status="PASS">
          <params>
            <param index="0">
              <value>
                <![CDATA[pocket wa]]>
              </value>
            </param>
          </params>
          <reporter-output>
          </reporter-output>
        </test-method> <!-- searchProduct -->
        <test-method is-config="true" signature="tearDown()[pri:0, instance:com.bigsmall.testCases.SearchProductTC@1d17b8d4]" started-at="2021-11-22T14:01:34 IST" name="tearDown" finished-at="2021-11-22T14:01:35 IST" duration-ms="1027" status="PASS">
          <reporter-output>
          </reporter-output>
        </test-method> <!-- tearDown -->
      </class> <!-- com.bigsmall.testCases.SearchProductTC -->
      <class name="com.bigsmall.testCases.AddToWishlist">
        <test-method signature="addToWishlist()[pri:0, instance:com.bigsmall.testCases.AddToWishlist@3ed28cad]" started-at="2021-11-22T14:01:11 IST" name="addToWishlist" finished-at="2021-11-22T14:01:34 IST" duration-ms="23012" status="PASS">
          <reporter-output>
          </reporter-output>
        </test-method> <!-- addToWishlist -->
      </class> <!-- com.bigsmall.testCases.AddToWishlist -->
    </test> <!-- Test -->
  </suite> <!-- Suite -->
</testng-results>
